<?xml version="1.0" encoding="UTF-8"?>
<!-- Generated by org.testng.reporters.JUnitReportReporter -->
<testsuite hostname="DESKTOP-284OE2D" failures="0" tests="1" name="TestCourse.LngTest" time="4.967" errors="0" timestamp="03 мар. 2018 19:17:28 GMT" skipped="0">
  <testcase classname="TestCourse.LngTest" name="lngTest" time="4.967"/>
</testsuite> <!-- TestCourse.LngTest -->
