<?xml version="1.0" encoding="UTF-8"?>
<!-- Generated by org.testng.reporters.JUnitReportReporter -->
<testsuite hostname="DESKTOP-284OE2D" failures="0" tests="5" name="TestCourse.MarketTest" time="41.316" errors="0" timestamp="03 мар. 2018 19:55:05 GMT" skipped="0">
  <testcase classname="TestCourse.MarketTest" name="sortPriceAscIconTest" time="8.524"/>
  <testcase classname="TestCourse.MarketTest" name="sortPriceAscTest" time="15.648"/>
  <testcase classname="TestCourse.MarketTest" name="sortPriceDescTest" time="7.380"/>
  <testcase classname="TestCourse.MarketTest" name="marketTest" time="5.704"/>
  <testcase classname="TestCourse.MarketTest" name="sortPriceDescIconTest" time="4.060"/>
</testsuite> <!-- TestCourse.MarketTest -->
