<?xml version="1.0" encoding="UTF-8"?>
<!-- Generated by org.testng.reporters.JUnitReportReporter -->
<testsuite hostname="DESKTOP-284OE2D" failures="0" tests="5" name="TestCourse.MarketTest" time="29.772" errors="0" timestamp="03 мар. 2018 19:17:28 GMT" skipped="0">
  <testcase classname="TestCourse.MarketTest" name="sortPriceAscIconTest" time="5.076"/>
  <testcase classname="TestCourse.MarketTest" name="sortPriceAscTest" time="6.815"/>
  <testcase classname="TestCourse.MarketTest" name="sortPriceDescTest" time="7.290"/>
  <testcase classname="TestCourse.MarketTest" name="marketTest" time="6.218"/>
  <testcase classname="TestCourse.MarketTest" name="sortPriceDescIconTest" time="4.373"/>
</testsuite> <!-- TestCourse.MarketTest -->
