<?xml version="1.0" encoding="UTF-8"?>
<!-- Generated by org.testng.reporters.JUnitReportReporter -->
<testsuite hostname="DESKTOP-284OE2D" failures="0" tests="1" name="TestCourse.YaTest" time="1.946" errors="0" timestamp="03 мар. 2018 19:17:28 GMT" skipped="0">
  <testcase classname="TestCourse.YaTest" name="searchTest" time="1.946"/>
</testsuite> <!-- TestCourse.YaTest -->
